C:\Program Files (x86)\MSBuild\Microsoft.Cpp\v4.0\V140\Microsoft.CppBuild.targets(392,5): warning MSB8028: The intermediate directory (x64\Debug\) contains files shared from another project (homework2.vcxproj).  This can lead to incorrect clean and rebuild behavior.
  Source.cpp
c:\users\luis\documents\computergraphicsstuff\homework2\homework3\source.cpp(104): warning C4244: '=': conversion from 'int' to 'float', possible loss of data
c:\users\luis\documents\computergraphicsstuff\homework2\homework3\source.cpp(105): warning C4244: '=': conversion from 'int' to 'float', possible loss of data
c:\users\luis\documents\computergraphicsstuff\homework2\homework3\source.cpp(106): warning C4244: '=': conversion from 'int' to 'float', possible loss of data
c:\users\luis\documents\computergraphicsstuff\homework2\homework3\source.cpp(118): warning C4244: '=': conversion from 'float' to 'int', possible loss of data
c:\users\luis\documents\computergraphicsstuff\homework2\homework3\source.cpp(119): warning C4244: '=': conversion from 'float' to 'int', possible loss of data
c:\users\luis\documents\computergraphicsstuff\homework2\homework3\source.cpp(120): warning C4244: '=': conversion from 'float' to 'int', possible loss of data
c:\users\luis\documents\computergraphicsstuff\homework2\homework3\source.cpp(121): warning C4244: '=': conversion from 'float' to 'int', possible loss of data
c:\users\luis\documents\computergraphicsstuff\homework2\homework3\source.cpp(122): warning C4244: '=': conversion from 'float' to 'int', possible loss of data
c:\users\luis\documents\computergraphicsstuff\homework2\homework3\source.cpp(134): warning C4244: '=': conversion from 'int' to 'float', possible loss of data
c:\users\luis\documents\computergraphicsstuff\homework2\homework3\source.cpp(135): warning C4244: '=': conversion from 'int' to 'float', possible loss of data
c:\users\luis\documents\computergraphicsstuff\homework2\homework3\source.cpp(155): warning C4244: '=': conversion from 'double' to 'float', possible loss of data
c:\users\luis\documents\computergraphicsstuff\homework2\homework3\source.cpp(159): warning C4244: '=': conversion from 'double' to 'float', possible loss of data
c:\users\luis\documents\computergraphicsstuff\homework2\homework3\source.cpp(164): warning C4244: '=': conversion from 'double' to 'float', possible loss of data
c:\users\luis\documents\computergraphicsstuff\homework2\homework3\source.cpp(168): warning C4244: '=': conversion from 'double' to 'float', possible loss of data
c:\users\luis\documents\computergraphicsstuff\homework2\homework3\source.cpp(173): warning C4244: '=': conversion from 'double' to 'float', possible loss of data
c:\users\luis\documents\computergraphicsstuff\homework2\homework3\source.cpp(176): warning C4244: '=': conversion from 'double' to 'float', possible loss of data
c:\users\luis\documents\computergraphicsstuff\homework2\homework3\source.cpp(182): warning C4244: '=': conversion from 'double' to 'float', possible loss of data
c:\users\luis\documents\computergraphicsstuff\homework2\homework3\source.cpp(183): warning C4244: '=': conversion from 'double' to 'float', possible loss of data
c:\users\luis\documents\computergraphicsstuff\homework2\homework3\source.cpp(186): warning C4244: '=': conversion from 'double' to 'float', possible loss of data
c:\users\luis\documents\computergraphicsstuff\homework2\homework3\source.cpp(191): warning C4244: '=': conversion from 'double' to 'float', possible loss of data
c:\users\luis\documents\computergraphicsstuff\homework2\homework3\source.cpp(192): warning C4244: '=': conversion from 'double' to 'float', possible loss of data
c:\users\luis\documents\computergraphicsstuff\homework2\homework3\source.cpp(195): warning C4244: '=': conversion from 'double' to 'float', possible loss of data
c:\users\luis\documents\computergraphicsstuff\homework2\homework3\source.cpp(245): warning C4305: 'argument': truncation from 'double' to 'float'
c:\users\luis\documents\computergraphicsstuff\homework2\homework3\source.cpp(246): warning C4305: 'argument': truncation from 'double' to 'float'
c:\users\luis\documents\computergraphicsstuff\homework2\homework3\source.cpp(247): warning C4305: 'argument': truncation from 'double' to 'float'
c:\users\luis\documents\computergraphicsstuff\homework2\homework3\source.cpp(248): warning C4305: 'argument': truncation from 'double' to 'float'
c:\users\luis\documents\computergraphicsstuff\homework2\homework3\source.cpp(250): warning C4305: 'argument': truncation from 'double' to 'float'
c:\users\luis\documents\computergraphicsstuff\homework2\homework3\source.cpp(255): warning C4305: 'argument': truncation from 'double' to 'float'
c:\users\luis\documents\computergraphicsstuff\homework2\homework3\source.cpp(256): warning C4305: 'argument': truncation from 'double' to 'float'
c:\users\luis\documents\computergraphicsstuff\homework2\homework3\source.cpp(257): warning C4305: 'argument': truncation from 'double' to 'float'
c:\users\luis\documents\computergraphicsstuff\homework2\homework3\source.cpp(258): warning C4305: 'argument': truncation from 'double' to 'float'
c:\users\luis\documents\computergraphicsstuff\homework2\homework3\source.cpp(264): warning C4305: 'argument': truncation from 'double' to 'float'
c:\users\luis\documents\computergraphicsstuff\homework2\homework3\source.cpp(282): warning C4305: '=': truncation from 'double' to 'float'
c:\users\luis\documents\computergraphicsstuff\homework2\homework3\source.cpp(283): warning C4305: '=': truncation from 'double' to 'float'
c:\users\luis\documents\computergraphicsstuff\homework2\homework3\source.cpp(291): warning C4244: 'argument': conversion from 'double' to 'GLfloat', possible loss of data
c:\users\luis\documents\computergraphicsstuff\homework2\homework3\source.cpp(292): warning C4244: 'argument': conversion from 'double' to 'GLfloat', possible loss of data
c:\users\luis\documents\computergraphicsstuff\homework2\homework3\source.cpp(293): warning C4244: 'argument': conversion from 'double' to 'GLfloat', possible loss of data
c:\users\luis\documents\computergraphicsstuff\homework2\homework3\source.cpp(302): warning C4244: 'argument': conversion from 'double' to 'GLfloat', possible loss of data
c:\users\luis\documents\computergraphicsstuff\homework2\homework3\source.cpp(303): warning C4244: 'argument': conversion from 'double' to 'GLfloat', possible loss of data
c:\users\luis\documents\computergraphicsstuff\homework2\homework3\source.cpp(312): warning C4244: 'argument': conversion from 'double' to 'GLfloat', possible loss of data
c:\users\luis\documents\computergraphicsstuff\homework2\homework3\source.cpp(313): warning C4244: 'argument': conversion from 'double' to 'GLfloat', possible loss of data
c:\users\luis\documents\computergraphicsstuff\homework2\homework3\source.cpp(314): warning C4244: 'argument': conversion from 'double' to 'GLfloat', possible loss of data
c:\users\luis\documents\computergraphicsstuff\homework2\homework3\source.cpp(323): warning C4244: 'argument': conversion from 'double' to 'GLfloat', possible loss of data
c:\users\luis\documents\computergraphicsstuff\homework2\homework3\source.cpp(324): warning C4244: 'argument': conversion from 'double' to 'GLfloat', possible loss of data
c:\users\luis\documents\computergraphicsstuff\homework2\homework3\source.cpp(325): warning C4244: 'argument': conversion from 'double' to 'GLfloat', possible loss of data
c:\users\luis\documents\computergraphicsstuff\homework2\homework3\source.cpp(326): warning C4244: 'argument': conversion from 'double' to 'GLfloat', possible loss of data
c:\users\luis\documents\computergraphicsstuff\homework2\homework3\source.cpp(327): warning C4244: 'argument': conversion from 'double' to 'GLfloat', possible loss of data
c:\users\luis\documents\computergraphicsstuff\homework2\homework3\source.cpp(336): warning C4244: 'argument': conversion from 'double' to 'GLfloat', possible loss of data
c:\users\luis\documents\computergraphicsstuff\homework2\homework3\source.cpp(337): warning C4244: 'argument': conversion from 'double' to 'GLfloat', possible loss of data
c:\users\luis\documents\computergraphicsstuff\homework2\homework3\source.cpp(338): warning C4244: 'argument': conversion from 'double' to 'GLfloat', possible loss of data
c:\users\luis\documents\computergraphicsstuff\homework2\homework3\source.cpp(339): warning C4244: 'argument': conversion from 'double' to 'GLfloat', possible loss of data
c:\users\luis\documents\computergraphicsstuff\homework2\homework3\source.cpp(340): warning C4244: 'argument': conversion from 'double' to 'GLfloat', possible loss of data
c:\users\luis\documents\computergraphicsstuff\homework2\homework3\source.cpp(341): warning C4244: 'argument': conversion from 'double' to 'GLfloat', possible loss of data
c:\users\luis\documents\computergraphicsstuff\homework2\homework3\source.cpp(342): warning C4244: 'argument': conversion from 'double' to 'GLfloat', possible loss of data
c:\users\luis\documents\computergraphicsstuff\homework2\homework3\source.cpp(125): warning C4172: returning address of local variable or temporary: RGB
  homework3.vcxproj -> C:\Users\Luis\Documents\ComputerGraphicsStuff\Homework2\homework3\x64\Debug\homework3.exe
  homework3.vcxproj -> C:\Users\Luis\Documents\ComputerGraphicsStuff\Homework2\homework3\x64\Debug\homework3.pdb (Partial PDB)
