  Source.cpp
Source.cpp(38): warning C4244: '=': conversion from 'double' to 'int', possible loss of data
Source.cpp(46): warning C4244: '+=': conversion from 'double' to 'float', possible loss of data
Source.cpp(51): warning C4244: 'argument': conversion from 'double' to 'GLfloat', possible loss of data
Source.cpp(68): warning C4305: 'argument': truncation from 'double' to 'GLfloat'
Source.cpp(69): warning C4305: 'argument': truncation from 'double' to 'GLfloat'
Source.cpp(70): warning C4305: 'argument': truncation from 'double' to 'GLfloat'
Source.cpp(71): warning C4305: 'argument': truncation from 'double' to 'GLfloat'
Source.cpp(77): warning C4305: 'argument': truncation from 'double' to 'GLfloat'
Source.cpp(78): warning C4305: 'argument': truncation from 'double' to 'GLfloat'
Source.cpp(79): warning C4305: 'argument': truncation from 'double' to 'GLfloat'
Source.cpp(80): warning C4305: 'argument': truncation from 'double' to 'GLfloat'
Source.cpp(84): warning C4244: 'argument': conversion from 'double' to 'GLfloat', possible loss of data
Source.cpp(84): warning C4305: 'argument': truncation from 'double' to 'GLfloat'
Source.cpp(85): warning C4244: 'argument': conversion from 'double' to 'GLfloat', possible loss of data
Source.cpp(86): warning C4244: 'argument': conversion from 'double' to 'GLfloat', possible loss of data
Source.cpp(86): warning C4305: 'argument': truncation from 'double' to 'GLfloat'
Source.cpp(95): warning C4305: 'argument': truncation from 'double' to 'GLfloat'
Source.cpp(96): warning C4305: 'argument': truncation from 'double' to 'GLfloat'
Source.cpp(97): warning C4305: 'argument': truncation from 'double' to 'GLfloat'
Source.cpp(98): warning C4305: 'argument': truncation from 'double' to 'GLfloat'
Source.cpp(104): warning C4305: 'argument': truncation from 'double' to 'GLfloat'
  Generating code
  3 of 7 functions (42.9%) were compiled, the rest were copied from previous compilation.
    0 functions were new in current compilation
    1 functions had inline decision re-evaluated but remain unchanged
  Finished generating code
  GLStuffSetup.vcxproj -> C:\Users\Luis\Documents\ComputerGraphicsStuff\GLStuffSetup\x64\Release\GLStuffSetup.exe
  GLStuffSetup.vcxproj -> C:\Users\Luis\Documents\ComputerGraphicsStuff\GLStuffSetup\x64\Release\GLStuffSetup.pdb (Full PDB)
