C:\Program Files (x86)\MSBuild\Microsoft.Cpp\v4.0\V140\Microsoft.CppBuild.targets(392,5): warning MSB8028: The intermediate directory (Debug\) contains files shared from another project (homework2.vcxproj).  This can lead to incorrect clean and rebuild behavior.
  Source.cpp
c:\users\luis\documents\computergraphicsstuff\homework2\homework3\source.cpp(212): warning C4305: 'argument': truncation from 'double' to 'GLfloat'
c:\users\luis\documents\computergraphicsstuff\homework2\homework3\source.cpp(213): warning C4305: 'argument': truncation from 'double' to 'GLfloat'
c:\users\luis\documents\computergraphicsstuff\homework2\homework3\source.cpp(214): warning C4305: 'argument': truncation from 'double' to 'GLfloat'
c:\users\luis\documents\computergraphicsstuff\homework2\homework3\source.cpp(222): warning C4305: 'argument': truncation from 'double' to 'GLfloat'
c:\users\luis\documents\computergraphicsstuff\homework2\homework3\source.cpp(223): warning C4244: 'argument': conversion from 'double' to 'GLfloat', possible loss of data
c:\users\luis\documents\computergraphicsstuff\homework2\homework3\source.cpp(223): warning C4305: 'argument': truncation from 'double' to 'GLfloat'
c:\users\luis\documents\computergraphicsstuff\homework2\homework3\source.cpp(224): warning C4305: 'argument': truncation from 'double' to 'GLfloat'
c:\users\luis\documents\computergraphicsstuff\homework2\homework3\source.cpp(232): warning C4305: 'argument': truncation from 'double' to 'GLfloat'
c:\users\luis\documents\computergraphicsstuff\homework2\homework3\source.cpp(233): warning C4305: 'argument': truncation from 'double' to 'GLfloat'
c:\users\luis\documents\computergraphicsstuff\homework2\homework3\source.cpp(234): warning C4305: 'argument': truncation from 'double' to 'GLfloat'
c:\users\luis\documents\computergraphicsstuff\homework2\homework3\source.cpp(235): warning C4305: 'argument': truncation from 'double' to 'GLfloat'
c:\users\luis\documents\computergraphicsstuff\homework2\homework3\source.cpp(242): warning C4305: 'initializing': truncation from 'double' to 'float'
c:\users\luis\documents\computergraphicsstuff\homework2\homework3\source.cpp(247): warning C4244: 'argument': conversion from 'double' to 'GLfloat', possible loss of data
c:\users\luis\documents\computergraphicsstuff\homework2\homework3\source.cpp(248): warning C4244: 'argument': conversion from 'double' to 'GLfloat', possible loss of data
c:\users\luis\documents\computergraphicsstuff\homework2\homework3\source.cpp(249): warning C4244: 'argument': conversion from 'double' to 'GLfloat', possible loss of data
c:\users\luis\documents\computergraphicsstuff\homework2\homework3\source.cpp(250): warning C4244: 'argument': conversion from 'double' to 'GLfloat', possible loss of data
c:\users\luis\documents\computergraphicsstuff\homework2\homework3\source.cpp(251): warning C4244: 'argument': conversion from 'double' to 'GLfloat', possible loss of data
c:\users\luis\documents\computergraphicsstuff\homework2\homework3\source.cpp(258): warning C4305: 'initializing': truncation from 'double' to 'float'
c:\users\luis\documents\computergraphicsstuff\homework2\homework3\source.cpp(259): warning C4305: 'initializing': truncation from 'double' to 'float'
c:\users\luis\documents\computergraphicsstuff\homework2\homework3\source.cpp(264): warning C4244: 'argument': conversion from 'double' to 'GLfloat', possible loss of data
c:\users\luis\documents\computergraphicsstuff\homework2\homework3\source.cpp(265): warning C4244: 'argument': conversion from 'double' to 'GLfloat', possible loss of data
c:\users\luis\documents\computergraphicsstuff\homework2\homework3\source.cpp(266): warning C4244: 'argument': conversion from 'double' to 'GLfloat', possible loss of data
c:\users\luis\documents\computergraphicsstuff\homework2\homework3\source.cpp(267): warning C4244: 'argument': conversion from 'double' to 'GLfloat', possible loss of data
c:\users\luis\documents\computergraphicsstuff\homework2\homework3\source.cpp(268): warning C4244: 'argument': conversion from 'double' to 'GLfloat', possible loss of data
c:\users\luis\documents\computergraphicsstuff\homework2\homework3\source.cpp(269): warning C4244: 'argument': conversion from 'double' to 'GLfloat', possible loss of data
c:\users\luis\documents\computergraphicsstuff\homework2\homework3\source.cpp(270): warning C4244: 'argument': conversion from 'double' to 'GLfloat', possible loss of data
Source.obj : error LNK2019: unresolved external symbol __imp__glutInitWindowPosition@8 referenced in function _main
Source.obj : error LNK2019: unresolved external symbol __imp__glutInitWindowSize@8 referenced in function _main
Source.obj : error LNK2019: unresolved external symbol __imp__glutInitDisplayMode@4 referenced in function _main
Source.obj : error LNK2019: unresolved external symbol __imp__glutMainLoop@0 referenced in function _main
Source.obj : error LNK2019: unresolved external symbol __imp__glutPostRedisplay@0 referenced in function "void __cdecl color_menu(int)" (?color_menu@@YAXH@Z)
Source.obj : error LNK2019: unresolved external symbol __imp__glutIdleFunc@4 referenced in function _main
Source.obj : error LNK2019: unresolved external symbol __imp__glutKeyboardFunc@4 referenced in function _main
Source.obj : error LNK2019: unresolved external symbol __imp__glutDisplayFunc@4 referenced in function _main
Source.obj : error LNK2019: unresolved external symbol __imp____glutInitWithExit@12 referenced in function _glutInit_ATEXIT_HACK@8
Source.obj : error LNK2019: unresolved external symbol __imp____glutCreateWindowWithExit@8 referenced in function _glutCreateWindow_ATEXIT_HACK@4
C:\Users\Luis\Documents\Computer Graphics\freeglut-3.0.0\lib\x64\freeglut.lib : warning LNK4272: library machine type 'x64' conflicts with target machine type 'X86'
C:\Users\Luis\Documents\Computer Graphics\glew-2.0.0\lib\Release\x64\glew32.lib : warning LNK4272: library machine type 'x64' conflicts with target machine type 'X86'
C:\Users\Luis\Documents\ComputerGraphicsStuff\Homework2\homework3\Debug\homework3.exe : fatal error LNK1120: 10 unresolved externals
